15:47:22.581 [main] INFO  by.training.task02.parser.LexemeParser - Lexeme was parsedapple
15:53:10.334 [main] WARN  by.training.task02.reader.FileReader - Error while reading from file
15:53:10.344 [main] WARN  by.training.task02.reader.FileReader - Error while reading from file
15:53:32.212 [main] WARN  by.training.task02.reader.FileReader - Error while reading from file
15:53:32.231 [main] WARN  by.training.task02.reader.FileReader - Error while reading from file
15:53:48.947 [main] WARN  by.training.task02.reader.FileReader - Error while reading from file
15:53:48.960 [main] WARN  by.training.task02.reader.FileReader - Error while reading from file
15:54:05.073 [main] WARN  by.training.task02.reader.FileReader - Error while reading from file
15:54:05.089 [main] WARN  by.training.task02.reader.FileReader - Error while reading from file
15:54:27.385 [main] WARN  by.training.task02.reader.FileReader - Error while reading from file
15:54:27.397 [main] WARN  by.training.task02.reader.FileReader - Error while reading from file
15:54:46.766 [main] INFO  by.training.task02.parser.LexemeParser - Lexeme was parsedapple
15:55:59.638 [main] INFO  by.training.task02.restorer.TextRestorer - Lexeme was restored successfully:
word
15:59:45.422 [main] WARN  by.training.task02.reader.FileReader - Error while reading from file
15:59:45.435 [main] WARN  by.training.task02.reader.FileReader - Error while reading from file
16:00:07.725 [main] WARN  by.training.task02.reader.FileReader - Error while reading from file
16:00:25.722 [main] WARN  by.training.task02.reader.FileReader - Error while reading from file
16:01:29.166 [main] WARN  by.training.task02.reader.FileReader - Error while reading from file
16:01:29.179 [main] WARN  by.training.task02.reader.FileReader - Error while reading from file
16:01:49.584 [main] WARN  by.training.task02.reader.FileReader - Error while reading from file
16:01:49.596 [main] WARN  by.training.task02.reader.FileReader - Error while reading from file
16:02:10.595 [main] INFO  by.training.task02.parser.LexemeParser - Lexeme was parsedapple
16:07:31.009 [main] INFO  by.training.task02.restorer.TextRestorer - Lexeme was restored successfully:
word
16:07:41.218 [main] INFO  by.training.task02.parser.LexemeParser - Lexeme was parsedapple
16:08:41.069 [main] INFO  by.training.task02.parser.LexemeParser - Lexeme was parsedapple
16:09:03.105 [main] INFO  by.training.task02.parser.LexemeParser - Lexeme was parsedapple
16:09:53.523 [main] INFO  by.training.task02.parser.LexemeParser - Lexeme was parsedapple
16:10:17.580 [main] INFO  by.training.task02.parser.LexemeParser - Lexeme was parsedapple
16:17:13.993 [main] WARN  by.training.task02.reader.FileReader - Error while reading from file
16:33:43.966 [main] INFO  by.training.task02.parser.ParagraphParser - Paragraph was parsed[[Nam, gam], [Sed, li], [Quisque], [Phasellus]]
16:35:14.036 [main] INFO  by.training.task02.parser.SentenceParser - Sentence was parsed[null]
16:35:51.125 [main] INFO  by.training.task02.parser.TextParser - Text was parsed[[[There, are, many]], [[But, the, majority]]]
16:36:18.633 [main] INFO  by.training.task02.restorer.ParagraphRestorer - Paragraph was restored successfully:
Nam gam. Sed li.
16:36:30.433 [main] INFO  by.training.task02.restorer.SentenceRestorer - Sentence was restored successfully:
Lorem sit
16:37:00.310 [main] INFO  by.training.task02.restorer.SentenceRestorer - Sentence was restored successfully:
Lorem sit
16:37:18.450 [main] INFO  by.training.task02.restorer.SentenceRestorer - Sentence was restored successfully:
Lorem sit
16:37:48.728 [main] INFO  by.training.task02.restorer.SentenceRestorer - Sentence was restored successfully:
Lorem sit
16:38:01.103 [main] INFO  by.training.task02.restorer.SentenceRestorer - Sentence was restored successfully:
Lorem sit
16:38:17.633 [main] INFO  by.training.task02.restorer.TextRestorer - Text was restored successfully:
%s
11:48:49.280 [main] WARN  by.training.task02.reader.FileReader - Error while reading from file
11:49:13.391 [main] INFO  by.training.task02.parser.ParagraphParser - Paragraph was parsed[[Nam, gam], [Sed, li], [Quisque], [Phasellus]]
11:51:04.200 [main] INFO  by.training.task02.parser.SentenceParser - Sentence was parsed[null]
11:51:41.588 [main] INFO  by.training.task02.parser.SentenceParser - Sentence was parsed[null]
11:52:18.624 [main] INFO  by.training.task02.parser.SentenceParser - Sentence was parsed[null]
11:54:19.565 [main] INFO  by.training.task02.parser.SentenceParser - Sentence was parsed[null]
11:56:15.136 [main] INFO  by.training.task02.parser.TextParser - Text was parsed[[[There, are, many]], [[But, the, majority]]]
13:17:30.908 [main] INFO  by.training.task02.parser.TextParser - Text was parsed[[[There, are, many]], [[But, the, majority]]]
13:20:43.399 [main] INFO  by.training.task02.parser.TextParser - Text was parsed[[[There, are, many]], [[But, the, majority]]]
13:21:18.433 [main] INFO  by.training.task02.parser.TextParser - Text was parsed[[[There, are, many]], [[But, the, majority]]]
13:21:33.451 [main] INFO  by.training.task02.parser.TextParser - Text was parsed[[[There, are, many]], [[But, the, majority]]]
13:22:12.489 [main] INFO  by.training.task02.parser.SentenceParser - Sentence was parsed[null]
13:22:39.312 [main] INFO  by.training.task02.parser.ParagraphParser - Paragraph was parsed[[Nam, gam], [Sed, li], [Quisque], [Phasellus]]
13:23:00.329 [main] INFO  by.training.task02.parser.SentenceParser - Sentence was parsed[null]
13:24:31.147 [main] INFO  by.training.task02.parser.SentenceParser - Sentence was parsed[null]
13:25:09.611 [main] INFO  by.training.task02.parser.SentenceParser - Sentence was parsed[null]
13:25:41.641 [main] INFO  by.training.task02.parser.SentenceParser - Sentence was parsed[null]
13:29:05.067 [main] INFO  by.training.task02.parser.SentenceParser - Sentence was parsed[null]
13:29:59.505 [main] INFO  by.training.task02.parser.SentenceParser - Sentence was parsed[Lorem, null, sit]
13:32:05.865 [main] INFO  by.training.task02.parser.ParagraphParser - Paragraph was parsed[[Nam, gam], [Sed, li], [Quisque], [Phasellus]]
13:32:25.171 [main] INFO  by.training.task02.parser.SentenceParser - Sentence was parsed
13:35:40.414 [main] INFO  by.training.task02.parser.SentenceParser - Sentence was parsed
13:35:58.494 [main] INFO  by.training.task02.parser.SentenceParser - Sentence was parsed
13:44:49.627 [main] INFO  by.training.task02.parser.SentenceParser - Sentence was parsed
20:10:14.083 [main] INFO  by.training.task02.parser.TextParser - Text was parsed[[[There, are, many]], [[But, the, majority]]]
20:10:38.463 [main] INFO  by.training.task02.parser.TextParser - Text was parsed[[[There, are, many]], [[But, the, majority]]]
20:11:15.695 [main] INFO  by.training.task02.parser.TextParser - Text was parsed[[[There, are, many]], [[But, the, majority]]]
20:19:55.261 [main] WARN  by.training.task02.reader.FileReader - Error while reading from file
20:20:39.109 [main] WARN  by.training.task02.reader.FileReader - Error while reading from file
10:47:47.074 [main] INFO  by.training.task02.parser.ParagraphParser - Paragraph was parsed[[Nam, gam], [Sed, li], [Quisque], [Phasellus]]
10:49:40.477 [main] INFO  by.training.task02.parser.SentenceParser - Sentence was parsed
10:50:07.861 [main] INFO  by.training.task02.parser.TextParser - Text was parsed[[[There, are, many]], [[But, the, majority]]]
10:50:50.067 [main] INFO  by.training.task02.parser.SentenceParser - Sentence was parsed
