19:36:10.670 [main] INFO  main.java.task4.service.factory.MedicinesParserFactory - gg
19:36:21.359 [main] INFO  main.java.task4.service.validator.XMLValidator - SAX exception: 
org.xml.sax.SAXParseException: cvc-pattern-valid: Value 'AB00000' is not facet-valid with respect to pattern 'DB([0-9]{5})' for type '#AnonType_drug_bankMedicineType'.
	at com.sun.org.apache.xerces.internal.util.ErrorHandlerWrapper.createSAXParseException(ErrorHandlerWrapper.java:203) ~[?:1.8.0_211]
	at com.sun.org.apache.xerces.internal.util.ErrorHandlerWrapper.error(ErrorHandlerWrapper.java:134) ~[?:1.8.0_211]
	at com.sun.org.apache.xerces.internal.impl.XMLErrorReporter.reportError(XMLErrorReporter.java:396) ~[?:1.8.0_211]
	at com.sun.org.apache.xerces.internal.impl.XMLErrorReporter.reportError(XMLErrorReporter.java:327) ~[?:1.8.0_211]
	at com.sun.org.apache.xerces.internal.impl.XMLErrorReporter.reportError(XMLErrorReporter.java:284) ~[?:1.8.0_211]
	at com.sun.org.apache.xerces.internal.impl.xs.XMLSchemaValidator$XSIErrorReporter.reportError(XMLSchemaValidator.java:453) ~[?:1.8.0_211]
	at com.sun.org.apache.xerces.internal.impl.xs.XMLSchemaValidator.reportSchemaError(XMLSchemaValidator.java:3231) ~[?:1.8.0_211]
	at com.sun.org.apache.xerces.internal.impl.xs.XMLSchemaValidator.processOneAttribute(XMLSchemaValidator.java:2826) ~[?:1.8.0_211]
	at com.sun.org.apache.xerces.internal.impl.xs.XMLSchemaValidator.processAttributes(XMLSchemaValidator.java:2763) ~[?:1.8.0_211]
	at com.sun.org.apache.xerces.internal.impl.xs.XMLSchemaValidator.handleStartElement(XMLSchemaValidator.java:2051) ~[?:1.8.0_211]
	at com.sun.org.apache.xerces.internal.impl.xs.XMLSchemaValidator.startElement(XMLSchemaValidator.java:741) ~[?:1.8.0_211]
	at com.sun.org.apache.xerces.internal.impl.XMLNSDocumentScannerImpl.scanStartElement(XMLNSDocumentScannerImpl.java:374) ~[?:1.8.0_211]
	at com.sun.org.apache.xerces.internal.impl.XMLDocumentFragmentScannerImpl$FragmentContentDriver.next(XMLDocumentFragmentScannerImpl.java:2784) ~[?:1.8.0_211]
	at com.sun.org.apache.xerces.internal.impl.XMLDocumentScannerImpl.next(XMLDocumentScannerImpl.java:602) ~[?:1.8.0_211]
	at com.sun.org.apache.xerces.internal.impl.XMLNSDocumentScannerImpl.next(XMLNSDocumentScannerImpl.java:112) ~[?:1.8.0_211]
	at com.sun.org.apache.xerces.internal.impl.XMLDocumentFragmentScannerImpl.scanDocument(XMLDocumentFragmentScannerImpl.java:505) ~[?:1.8.0_211]
	at com.sun.org.apache.xerces.internal.parsers.XML11Configuration.parse(XML11Configuration.java:842) ~[?:1.8.0_211]
	at com.sun.org.apache.xerces.internal.parsers.XML11Configuration.parse(XML11Configuration.java:771) ~[?:1.8.0_211]
	at com.sun.org.apache.xerces.internal.jaxp.validation.StreamValidatorHelper.validate(StreamValidatorHelper.java:152) ~[?:1.8.0_211]
	at com.sun.org.apache.xerces.internal.jaxp.validation.ValidatorImpl.validate(ValidatorImpl.java:116) ~[?:1.8.0_211]
	at javax.xml.validation.Validator.validate(Validator.java:124) ~[?:1.8.0_211]
	at main.java.task4.service.validator.XMLValidator.validate(XMLValidator.java:45) [classes/:?]
	at main.java.task4.service.parser.sax.MedicinesSAXParser.buildSetMedicines(MedicinesSAXParser.java:57) [classes/:?]
	at test.by.training.task4service.parsing.MedicinsAbstractParserTest.buildSetMedicinsNegativeTest(MedicinsAbstractParserTest.java:48) [task4_web/:?]
	at sun.reflect.NativeMethodAccessorImpl.invoke0(Native Method) ~[?:1.8.0_211]
	at sun.reflect.NativeMethodAccessorImpl.invoke(NativeMethodAccessorImpl.java:62) ~[?:1.8.0_211]
	at sun.reflect.DelegatingMethodAccessorImpl.invoke(DelegatingMethodAccessorImpl.java:43) ~[?:1.8.0_211]
	at java.lang.reflect.Method.invoke(Method.java:498) ~[?:1.8.0_211]
	at org.testng.internal.MethodInvocationHelper.invokeMethod(MethodInvocationHelper.java:85) [testng-6.9.6.jar:?]
	at org.testng.internal.Invoker.invokeMethod(Invoker.java:639) [testng-6.9.6.jar:?]
	at org.testng.internal.Invoker.invokeTestMethod(Invoker.java:821) [testng-6.9.6.jar:?]
	at org.testng.internal.Invoker.invokeTestMethods(Invoker.java:1131) [testng-6.9.6.jar:?]
	at org.testng.internal.TestMethodWorker.invokeTestMethods(TestMethodWorker.java:124) [testng-6.9.6.jar:?]
	at org.testng.internal.TestMethodWorker.run(TestMethodWorker.java:108) [testng-6.9.6.jar:?]
	at org.testng.TestRunner.privateRun(TestRunner.java:773) [testng-6.9.6.jar:?]
	at org.testng.TestRunner.run(TestRunner.java:623) [testng-6.9.6.jar:?]
	at org.testng.SuiteRunner.runTest(SuiteRunner.java:357) [testng-6.9.6.jar:?]
	at org.testng.SuiteRunner.runSequentially(SuiteRunner.java:352) [testng-6.9.6.jar:?]
	at org.testng.SuiteRunner.privateRun(SuiteRunner.java:310) [testng-6.9.6.jar:?]
	at org.testng.SuiteRunner.run(SuiteRunner.java:259) [testng-6.9.6.jar:?]
	at org.testng.SuiteRunnerWorker.runSuite(SuiteRunnerWorker.java:52) [testng-6.9.6.jar:?]
	at org.testng.SuiteRunnerWorker.run(SuiteRunnerWorker.java:86) [testng-6.9.6.jar:?]
	at org.testng.TestNG.runSuitesSequentially(TestNG.java:1185) [testng-6.9.6.jar:?]
	at org.testng.TestNG.runSuitesLocally(TestNG.java:1110) [testng-6.9.6.jar:?]
	at org.testng.TestNG.run(TestNG.java:1018) [testng-6.9.6.jar:?]
	at org.testng.IDEARemoteTestNG.run(IDEARemoteTestNG.java:73) [testng-plugin.jar:?]
	at org.testng.RemoteTestNGStarter.main(RemoteTestNGStarter.java:123) [testng-plugin.jar:?]
19:36:21.383 [main] INFO  main.java.task4.service.validator.XMLValidator - data//invalidTest.xml is invalid

19:36:21.405 [main] INFO  main.java.task4.service.validator.XMLValidator - SAX exception: 
org.xml.sax.SAXParseException: cvc-pattern-valid: Value 'AB00000' is not facet-valid with respect to pattern 'DB([0-9]{5})' for type '#AnonType_drug_bankMedicineType'.
	at com.sun.org.apache.xerces.internal.util.ErrorHandlerWrapper.createSAXParseException(ErrorHandlerWrapper.java:203) ~[?:1.8.0_211]
	at com.sun.org.apache.xerces.internal.util.ErrorHandlerWrapper.error(ErrorHandlerWrapper.java:134) ~[?:1.8.0_211]
	at com.sun.org.apache.xerces.internal.impl.XMLErrorReporter.reportError(XMLErrorReporter.java:396) ~[?:1.8.0_211]
	at com.sun.org.apache.xerces.internal.impl.XMLErrorReporter.reportError(XMLErrorReporter.java:327) ~[?:1.8.0_211]
	at com.sun.org.apache.xerces.internal.impl.XMLErrorReporter.reportError(XMLErrorReporter.java:284) ~[?:1.8.0_211]
	at com.sun.org.apache.xerces.internal.impl.xs.XMLSchemaValidator$XSIErrorReporter.reportError(XMLSchemaValidator.java:453) ~[?:1.8.0_211]
	at com.sun.org.apache.xerces.internal.impl.xs.XMLSchemaValidator.reportSchemaError(XMLSchemaValidator.java:3231) ~[?:1.8.0_211]
	at com.sun.org.apache.xerces.internal.impl.xs.XMLSchemaValidator.processOneAttribute(XMLSchemaValidator.java:2826) ~[?:1.8.0_211]
	at com.sun.org.apache.xerces.internal.impl.xs.XMLSchemaValidator.processAttributes(XMLSchemaValidator.java:2763) ~[?:1.8.0_211]
	at com.sun.org.apache.xerces.internal.impl.xs.XMLSchemaValidator.handleStartElement(XMLSchemaValidator.java:2051) ~[?:1.8.0_211]
	at com.sun.org.apache.xerces.internal.impl.xs.XMLSchemaValidator.startElement(XMLSchemaValidator.java:741) ~[?:1.8.0_211]
	at com.sun.org.apache.xerces.internal.impl.XMLNSDocumentScannerImpl.scanStartElement(XMLNSDocumentScannerImpl.java:374) ~[?:1.8.0_211]
	at com.sun.org.apache.xerces.internal.impl.XMLDocumentFragmentScannerImpl$FragmentContentDriver.next(XMLDocumentFragmentScannerImpl.java:2784) ~[?:1.8.0_211]
	at com.sun.org.apache.xerces.internal.impl.XMLDocumentScannerImpl.next(XMLDocumentScannerImpl.java:602) ~[?:1.8.0_211]
	at com.sun.org.apache.xerces.internal.impl.XMLNSDocumentScannerImpl.next(XMLNSDocumentScannerImpl.java:112) ~[?:1.8.0_211]
	at com.sun.org.apache.xerces.internal.impl.XMLDocumentFragmentScannerImpl.scanDocument(XMLDocumentFragmentScannerImpl.java:505) ~[?:1.8.0_211]
	at com.sun.org.apache.xerces.internal.parsers.XML11Configuration.parse(XML11Configuration.java:842) ~[?:1.8.0_211]
	at com.sun.org.apache.xerces.internal.parsers.XML11Configuration.parse(XML11Configuration.java:771) ~[?:1.8.0_211]
	at com.sun.org.apache.xerces.internal.jaxp.validation.StreamValidatorHelper.validate(StreamValidatorHelper.java:152) ~[?:1.8.0_211]
	at com.sun.org.apache.xerces.internal.jaxp.validation.ValidatorImpl.validate(ValidatorImpl.java:116) ~[?:1.8.0_211]
	at javax.xml.validation.Validator.validate(Validator.java:124) ~[?:1.8.0_211]
	at main.java.task4.service.validator.XMLValidator.validate(XMLValidator.java:45) [classes/:?]
	at main.java.task4.service.parser.dom.MedicinesDOMParser.buildSetMedicines(MedicinesDOMParser.java:70) [classes/:?]
	at test.by.training.task4service.parsing.MedicinsAbstractParserTest.buildSetMedicinsNegativeTest(MedicinsAbstractParserTest.java:48) [task4_web/:?]
	at sun.reflect.NativeMethodAccessorImpl.invoke0(Native Method) ~[?:1.8.0_211]
	at sun.reflect.NativeMethodAccessorImpl.invoke(NativeMethodAccessorImpl.java:62) ~[?:1.8.0_211]
	at sun.reflect.DelegatingMethodAccessorImpl.invoke(DelegatingMethodAccessorImpl.java:43) ~[?:1.8.0_211]
	at java.lang.reflect.Method.invoke(Method.java:498) ~[?:1.8.0_211]
	at org.testng.internal.MethodInvocationHelper.invokeMethod(MethodInvocationHelper.java:85) [testng-6.9.6.jar:?]
	at org.testng.internal.Invoker.invokeMethod(Invoker.java:639) [testng-6.9.6.jar:?]
	at org.testng.internal.Invoker.invokeTestMethod(Invoker.java:821) [testng-6.9.6.jar:?]
	at org.testng.internal.Invoker.invokeTestMethods(Invoker.java:1131) [testng-6.9.6.jar:?]
	at org.testng.internal.TestMethodWorker.invokeTestMethods(TestMethodWorker.java:124) [testng-6.9.6.jar:?]
	at org.testng.internal.TestMethodWorker.run(TestMethodWorker.java:108) [testng-6.9.6.jar:?]
	at org.testng.TestRunner.privateRun(TestRunner.java:773) [testng-6.9.6.jar:?]
	at org.testng.TestRunner.run(TestRunner.java:623) [testng-6.9.6.jar:?]
	at org.testng.SuiteRunner.runTest(SuiteRunner.java:357) [testng-6.9.6.jar:?]
	at org.testng.SuiteRunner.runSequentially(SuiteRunner.java:352) [testng-6.9.6.jar:?]
	at org.testng.SuiteRunner.privateRun(SuiteRunner.java:310) [testng-6.9.6.jar:?]
	at org.testng.SuiteRunner.run(SuiteRunner.java:259) [testng-6.9.6.jar:?]
	at org.testng.SuiteRunnerWorker.runSuite(SuiteRunnerWorker.java:52) [testng-6.9.6.jar:?]
	at org.testng.SuiteRunnerWorker.run(SuiteRunnerWorker.java:86) [testng-6.9.6.jar:?]
	at org.testng.TestNG.runSuitesSequentially(TestNG.java:1185) [testng-6.9.6.jar:?]
	at org.testng.TestNG.runSuitesLocally(TestNG.java:1110) [testng-6.9.6.jar:?]
	at org.testng.TestNG.run(TestNG.java:1018) [testng-6.9.6.jar:?]
	at org.testng.IDEARemoteTestNG.run(IDEARemoteTestNG.java:73) [testng-plugin.jar:?]
	at org.testng.RemoteTestNGStarter.main(RemoteTestNGStarter.java:123) [testng-plugin.jar:?]
19:36:21.407 [main] INFO  main.java.task4.service.validator.XMLValidator - data//invalidTest.xml is invalid

19:36:21.423 [main] INFO  main.java.task4.service.validator.XMLValidator - SAX exception: 
org.xml.sax.SAXParseException: cvc-pattern-valid: Value 'AB00000' is not facet-valid with respect to pattern 'DB([0-9]{5})' for type '#AnonType_drug_bankMedicineType'.
	at com.sun.org.apache.xerces.internal.util.ErrorHandlerWrapper.createSAXParseException(ErrorHandlerWrapper.java:203) ~[?:1.8.0_211]
	at com.sun.org.apache.xerces.internal.util.ErrorHandlerWrapper.error(ErrorHandlerWrapper.java:134) ~[?:1.8.0_211]
	at com.sun.org.apache.xerces.internal.impl.XMLErrorReporter.reportError(XMLErrorReporter.java:396) ~[?:1.8.0_211]
	at com.sun.org.apache.xerces.internal.impl.XMLErrorReporter.reportError(XMLErrorReporter.java:327) ~[?:1.8.0_211]
	at com.sun.org.apache.xerces.internal.impl.XMLErrorReporter.reportError(XMLErrorReporter.java:284) ~[?:1.8.0_211]
	at com.sun.org.apache.xerces.internal.impl.xs.XMLSchemaValidator$XSIErrorReporter.reportError(XMLSchemaValidator.java:453) ~[?:1.8.0_211]
	at com.sun.org.apache.xerces.internal.impl.xs.XMLSchemaValidator.reportSchemaError(XMLSchemaValidator.java:3231) ~[?:1.8.0_211]
	at com.sun.org.apache.xerces.internal.impl.xs.XMLSchemaValidator.processOneAttribute(XMLSchemaValidator.java:2826) ~[?:1.8.0_211]
	at com.sun.org.apache.xerces.internal.impl.xs.XMLSchemaValidator.processAttributes(XMLSchemaValidator.java:2763) ~[?:1.8.0_211]
	at com.sun.org.apache.xerces.internal.impl.xs.XMLSchemaValidator.handleStartElement(XMLSchemaValidator.java:2051) ~[?:1.8.0_211]
	at com.sun.org.apache.xerces.internal.impl.xs.XMLSchemaValidator.startElement(XMLSchemaValidator.java:741) ~[?:1.8.0_211]
	at com.sun.org.apache.xerces.internal.impl.XMLNSDocumentScannerImpl.scanStartElement(XMLNSDocumentScannerImpl.java:374) ~[?:1.8.0_211]
	at com.sun.org.apache.xerces.internal.impl.XMLDocumentFragmentScannerImpl$FragmentContentDriver.next(XMLDocumentFragmentScannerImpl.java:2784) ~[?:1.8.0_211]
	at com.sun.org.apache.xerces.internal.impl.XMLDocumentScannerImpl.next(XMLDocumentScannerImpl.java:602) ~[?:1.8.0_211]
	at com.sun.org.apache.xerces.internal.impl.XMLNSDocumentScannerImpl.next(XMLNSDocumentScannerImpl.java:112) ~[?:1.8.0_211]
	at com.sun.org.apache.xerces.internal.impl.XMLDocumentFragmentScannerImpl.scanDocument(XMLDocumentFragmentScannerImpl.java:505) ~[?:1.8.0_211]
	at com.sun.org.apache.xerces.internal.parsers.XML11Configuration.parse(XML11Configuration.java:842) ~[?:1.8.0_211]
	at com.sun.org.apache.xerces.internal.parsers.XML11Configuration.parse(XML11Configuration.java:771) ~[?:1.8.0_211]
	at com.sun.org.apache.xerces.internal.jaxp.validation.StreamValidatorHelper.validate(StreamValidatorHelper.java:152) ~[?:1.8.0_211]
	at com.sun.org.apache.xerces.internal.jaxp.validation.ValidatorImpl.validate(ValidatorImpl.java:116) ~[?:1.8.0_211]
	at javax.xml.validation.Validator.validate(Validator.java:124) ~[?:1.8.0_211]
	at main.java.task4.service.validator.XMLValidator.validate(XMLValidator.java:45) [classes/:?]
	at main.java.task4.service.parser.stax.MedicinesSTAXParser.buildSetMedicines(MedicinesSTAXParser.java:79) [classes/:?]
	at test.by.training.task4service.parsing.MedicinsAbstractParserTest.buildSetMedicinsNegativeTest(MedicinsAbstractParserTest.java:48) [task4_web/:?]
	at sun.reflect.NativeMethodAccessorImpl.invoke0(Native Method) ~[?:1.8.0_211]
	at sun.reflect.NativeMethodAccessorImpl.invoke(NativeMethodAccessorImpl.java:62) ~[?:1.8.0_211]
	at sun.reflect.DelegatingMethodAccessorImpl.invoke(DelegatingMethodAccessorImpl.java:43) ~[?:1.8.0_211]
	at java.lang.reflect.Method.invoke(Method.java:498) ~[?:1.8.0_211]
	at org.testng.internal.MethodInvocationHelper.invokeMethod(MethodInvocationHelper.java:85) [testng-6.9.6.jar:?]
	at org.testng.internal.Invoker.invokeMethod(Invoker.java:639) [testng-6.9.6.jar:?]
	at org.testng.internal.Invoker.invokeTestMethod(Invoker.java:821) [testng-6.9.6.jar:?]
	at org.testng.internal.Invoker.invokeTestMethods(Invoker.java:1131) [testng-6.9.6.jar:?]
	at org.testng.internal.TestMethodWorker.invokeTestMethods(TestMethodWorker.java:124) [testng-6.9.6.jar:?]
	at org.testng.internal.TestMethodWorker.run(TestMethodWorker.java:108) [testng-6.9.6.jar:?]
	at org.testng.TestRunner.privateRun(TestRunner.java:773) [testng-6.9.6.jar:?]
	at org.testng.TestRunner.run(TestRunner.java:623) [testng-6.9.6.jar:?]
	at org.testng.SuiteRunner.runTest(SuiteRunner.java:357) [testng-6.9.6.jar:?]
	at org.testng.SuiteRunner.runSequentially(SuiteRunner.java:352) [testng-6.9.6.jar:?]
	at org.testng.SuiteRunner.privateRun(SuiteRunner.java:310) [testng-6.9.6.jar:?]
	at org.testng.SuiteRunner.run(SuiteRunner.java:259) [testng-6.9.6.jar:?]
	at org.testng.SuiteRunnerWorker.runSuite(SuiteRunnerWorker.java:52) [testng-6.9.6.jar:?]
	at org.testng.SuiteRunnerWorker.run(SuiteRunnerWorker.java:86) [testng-6.9.6.jar:?]
	at org.testng.TestNG.runSuitesSequentially(TestNG.java:1185) [testng-6.9.6.jar:?]
	at org.testng.TestNG.runSuitesLocally(TestNG.java:1110) [testng-6.9.6.jar:?]
	at org.testng.TestNG.run(TestNG.java:1018) [testng-6.9.6.jar:?]
	at org.testng.IDEARemoteTestNG.run(IDEARemoteTestNG.java:73) [testng-plugin.jar:?]
	at org.testng.RemoteTestNGStarter.main(RemoteTestNGStarter.java:123) [testng-plugin.jar:?]
19:36:21.430 [main] INFO  main.java.task4.service.validator.XMLValidator - data//invalidTest.xml is invalid

19:36:21.447 [main] INFO  main.java.task4.service.validator.XMLValidator - data//validTest.xml is valid

19:36:21.471 [main] INFO  main.java.task4.service.validator.XMLValidator - data//validTest.xml is valid

19:36:21.498 [main] INFO  main.java.task4.service.validator.XMLValidator - data//validTest.xml is valid

